-------------------------------------------------------------------------------
Test set: com.indico.WorkflowTest
-------------------------------------------------------------------------------
Tests run: 1, Failures: 1, Errors: 0, Skipped: 0, Time elapsed: 0.001 sec <<< FAILURE!
com.indico.WorkflowTest.test_simple_workflow_submission()  Time elapsed: 0.001 sec  <<< FAILURE!
java.lang.Error: Unresolved compilation problem: 
	Test cannot be resolved to a type
	at com.indico.WorkflowTest.test_simple_workflow_submission(WorkflowTest.java:18)

